{
  event = "msg_showcmd",
  kind = {}
}
{
  event = "win_close",
  kind = 1148
}
{
  event = "grid_destroy",
  kind = 1148
}
{
  event = "win_close",
  kind = 1149
}
{
  event = "grid_destroy",
  kind = 1149
}
{ 1156, 1, 41, 164, 40,
  event = "win_pos",
  kind = 159
}
{ 2150, "NW", 1, 4, 156, true, 100,
  event = "win_float_pos",
  kind = 1153
}
{ 2149, "NW", 1, 1, 157, true, 100,
  event = "win_float_pos",
  kind = 1152
}
{
  event = "win_close",
  kind = 1153
}
{
  event = "grid_destroy",
  kind = 1153
}
{
  event = "win_close",
  kind = 1152
}
{
  event = "grid_destroy",
  kind = 1152
}
{ 1156, 1, 41, 164, 40,
  event = "win_pos",
  kind = 159
}
{
  event = "msg_showcmd",
  kind = { { 0, "~@k", 0 } }
}
{
  event = "msg_showcmd",
  kind = {}
}
{
  event = "msg_showcmd",
  kind = { { 0, "~@k", 0 } }
}
{
  event = "msg_showcmd",
  kind = {}
}
{
  event = "msg_showcmd",
  kind = { { 0, "~@k", 0 } }
}
{
  event = "msg_showcmd",
  kind = {}
}
{
  event = "msg_showcmd",
  kind = { { 0, "gj", 0 } }
}
{
  event = "msg_showcmd",
  kind = {}
}
{
  event = "msg_showcmd",
  kind = { { 0, "gj", 0 } }
}
{
  event = "msg_showcmd",
  kind = {}
}
{
  event = "msg_showcmd",
  kind = { { 0, "gj", 0 } }
}
{
  event = "msg_showcmd",
  kind = {}
}
{
  event = "msg_showcmd",
  kind = { { 0, "gj", 0 } }
}
{
  event = "msg_showcmd",
  kind = {}
}
{
  event = "msg_showcmd",
  kind = { { 0, "gk", 0 } }
}
{
  event = "msg_showcmd",
  kind = {}
}
{
  event = "msg_showcmd",
  kind = { { 0, "gk", 0 } }
}
{
  event = "msg_showcmd",
  kind = {}
}
{
  event = "msg_showcmd",
  kind = { { 0, "gj", 0 } }
}
{
  event = "msg_showcmd",
  kind = {}
}
{
  event = "msg_showcmd",
  kind = { { 0, "gj", 0 } }
}
{
  event = "msg_showcmd",
  kind = {}
}
{
  event = "msg_showcmd",
  kind = { { 0, "gj", 0 } }
}
{
  event = "msg_showcmd",
  kind = {}
}
{ 2129, 1, 0, 40, 17,
  event = "win_pos",
  kind = 1132
}
{ 1156, 1, 41, 164, 17,
  event = "win_pos",
  kind = 159
}
{ 2140, 19, 0, 205, 12,
  event = "win_pos",
  kind = 1143
}
{ 2151, 32, 0, 205, 22,
  event = "win_pos",
  kind = 1154
}
{ 2140, 19, 0, 205, 12,
  event = "win_pos",
  kind = 1143
}
{
  event = "win_close",
  kind = 1154
}
{
  event = "grid_destroy",
  kind = 1154
}
{ 2129, 1, 0, 40, 39,
  event = "win_pos",
  kind = 1132
}
{ 1156, 1, 41, 164, 39,
  event = "win_pos",
  kind = 159
}
{ 2140, 41, 0, 205, 12,
  event = "win_pos",
  kind = 1143
}
{
  event = "msg_showcmd",
  kind = { { 0, "gj", 0 } }
}
{
  event = "msg_showcmd",
  kind = {}
}
{ 2129, 1, 0, 40, 16,
  event = "win_pos",
  kind = 1132
}
{ 1156, 1, 41, 164, 16,
  event = "win_pos",
  kind = 159
}
{ 2140, 18, 0, 205, 13,
  event = "win_pos",
  kind = 1143
}
{ 2152, 32, 0, 205, 22,
  event = "win_pos",
  kind = 1155
}
{ 2140, 18, 0, 205, 13,
  event = "win_pos",
  kind = 1143
}
{
  event = "win_close",
  kind = 1155
}
{
  event = "grid_destroy",
  kind = 1155
}
{ 2129, 1, 0, 40, 38,
  event = "win_pos",
  kind = 1132
}
{ 1156, 1, 41, 164, 38,
  event = "win_pos",
  kind = 159
}
{ 2140, 40, 0, 205, 13,
  event = "win_pos",
  kind = 1143
}
{
  event = "msg_showcmd",
  kind = { { 0, "gj", 0 } }
}
{
  event = "msg_showcmd",
  kind = {}
}
{
  event = "msg_showcmd",
  kind = { { 0, "gj", 0 } }
}
{
  event = "msg_showcmd",
  kind = {}
}
{
  event = "msg_showcmd",
  kind = { { 0, "^Wj", 0 } }
}
{
  event = "msg_showcmd",
  kind = {}
}
{
  event = "win_close",
  kind = 1143
}
{
  event = "grid_destroy",
  kind = 1143
}
{ 2129, 1, 0, 40, 53,
  event = "win_pos",
  kind = 1132
}
{ 1156, 1, 41, 164, 53,
  event = "win_pos",
  kind = 159
}
{ 2129, 1, 0, 40, 53,
  event = "win_pos",
  kind = 1132
}
{ 2129, 1, 0, 40, 30,
  event = "win_pos",
  kind = 1132
}
{ 1156, 1, 41, 164, 30,
  event = "win_pos",
  kind = 159
}
{ 2153, 32, 0, 205, 22,
  event = "win_pos",
  kind = 1156
}
{ 1156, 1, 41, 41, 30,
  event = "win_pos",
  kind = 159
}
{ 2153, 32, 0, 82, 22,
  event = "win_pos",
  kind = 1156
}
{ 1156, 1, 41, 164, 30,
  event = "win_pos",
  kind = 159
}
{ 2153, 32, 0, 205, 22,
  event = "win_pos",
  kind = 1156
}
{ 1156, 1, 41, 41, 30,
  event = "win_pos",
  kind = 159
}
{ 2153, 32, 0, 82, 22,
  event = "win_pos",
  kind = 1156
}
{ 1156, 1, 41, 164, 30,
  event = "win_pos",
  kind = 159
}
{ 2153, 32, 0, 205, 22,
  event = "win_pos",
  kind = 1156
}
{ 1156, 1, 41, 41, 30,
  event = "win_pos",
  kind = 159
}
{ 2153, 32, 0, 82, 22,
  event = "win_pos",
  kind = 1156
}
{ 1156, 1, 41, 164, 30,
  event = "win_pos",
  kind = 159
}
{ 2153, 32, 0, 205, 22,
  event = "win_pos",
  kind = 1156
}
{
  event = "win_close",
  kind = 1156
}
{
  event = "grid_destroy",
  kind = 1156
}
{ 2129, 1, 0, 40, 53,
  event = "win_pos",
  kind = 1132
}
{ 1156, 1, 41, 164, 53,
  event = "win_pos",
  kind = 159
}
{
  event = "msg_showcmd",
  kind = { { 0, "gj", 0 } }
}
{
  event = "msg_showcmd",
  kind = {}
}
{
  event = "msg_showcmd",
  kind = { { 0, "gj", 0 } }
}
{
  event = "msg_showcmd",
  kind = {}
}
{
  event = "msg_showcmd",
  kind = { { 0, "gk", 0 } }
}
{
  event = "msg_showcmd",
  kind = {}
}
{
  event = "msg_showcmd",
  kind = { { 0, "gk", 0 } }
}
{
  event = "msg_showcmd",
  kind = {}
}
{
  event = "msg_showcmd",
  kind = { { 0, "gj", 0 } }
}
{
  event = "msg_showcmd",
  kind = {}
}
{
  event = "msg_showcmd",
  kind = { { 0, "gj", 0 } }
}
{
  event = "msg_showcmd",
  kind = {}
}
{
  event = "msg_showcmd",
  kind = { { 0, "^Wl", 0 } }
}
{
  event = "msg_showcmd",
  kind = {}
}
{ { { 0, '"/tmp/nvim.dh/xJ03Ok/aalocal-query-2026-01-15-09-33-34" ', 0 } }, false, false,
  event = "msg_show",
  kind = "bufwrite"
}
{ { { 0, '"/tmp/nvim.dh/xJ03Ok/aalocal-query-2026-01-15-09-33-34" 1L, 16B', 0 } }, true, true,
  event = "msg_show",
  kind = "bufwrite"
}
{ 2154, "NW", 1, 53, 114, false, 60,
  event = "win_float_pos",
  kind = 1157
}
{ 2154, "NW", 1, 53, 114, false, 60,
  event = "win_float_pos",
  kind = 1157
}
{ 2155, "NW", 1157, 0, 0, false, 60,
  event = "win_float_pos",
  kind = 1158
}
{ 2155, "NW", 1157, 0, 0, false, 60,
  event = "win_float_pos",
  kind = 1158
}
{ 2129, 1, 0, 40, 40,
  event = "win_pos",
  kind = 1132
}
{ 1156, 1, 41, 164, 40,
  event = "win_pos",
  kind = 159
}
{ 2155, "NW", 1157, 0, 0, false, 60,
  event = "win_float_pos",
  kind = 1158
}
{ 2156, 42, 0, 205, 12,
  event = "win_pos",
  kind = 1159
}
{ { { 0, "DB: Query '/tmp/nvim.dh/xJ03Ok/37.json' finished in 0.509s", 2342 } }, true, false,
  event = "msg_show",
  kind = "echo"
}
{ 2157, "NW", 1, 1, 120, true, 100,
  event = "win_float_pos",
  kind = 1160
}
{
  event = "win_close",
  kind = 1157
}
{
  event = "grid_destroy",
  kind = 1157
}
{
  event = "win_close",
  kind = 1158
}
{
  event = "grid_destroy",
  kind = 1158
}
{ 1156, 1, 41, 164, 40,
  event = "win_pos",
  kind = 159
}
{
  event = "msg_showcmd",
  kind = { { 0, "^Wj", 0 } }
}
{
  event = "msg_showcmd",
  kind = {}
}
{
  event = "msg_showcmd",
  kind = { { 0, "/", 0 } }
}
{
  event = "msg_clear"
}
{ 0, "/", "", 0, 1, 0,
  event = "cmdline_show",
  kind = { { 0, "" } }
}
{ 2158, "NW", 1, 53, 0, false, 50,
  event = "win_float_pos",
  kind = 1161
}
{ 2159, "NW", 1161, 0, 0, true, 50,
  event = "win_float_pos",
  kind = 1162
}
{ 2158, "NW", 1, 53, 0, false, 50,
  event = "win_float_pos",
  kind = 1161
}
{ 2159, "NW", 1161, 0, 0, true, 50,
  event = "win_float_pos",
  kind = 1162
}
{ 1, "/", "", 0, 1, 0,
  event = "cmdline_show",
  kind = { { 0, "s" } }
}
{ 1, "/", "", 0, 1, 0,
  event = "cmdline_show",
  kind = { { 0, "s" } }
}
{ 2160, "NW", 1, 44, 0, true, 1001,
  event = "win_float_pos",
  kind = 1163
}
{ 1, "/", "", 0, 1, 0,
  event = "cmdline_show",
  kind = { { 0, "s" } }
}
{ 2, "/", "", 0, 1, 0,
  event = "cmdline_show",
  kind = { { 0, "su" } }
}
{ 2, "/", "", 0, 1, 0,
  event = "cmdline_show",
  kind = { { 0, "su" } }
}
{ 2160, "NW", 1, 44, 0, true, 1001,
  event = "win_float_pos",
  kind = 1163
}
{ 2, "/", "", 0, 1, 0,
  event = "cmdline_show",
  kind = { { 0, "su" } }
}
{ 3, "/", "", 0, 1, 0,
  event = "cmdline_show",
  kind = { { 0, "sup" } }
}
{ 3, "/", "", 0, 1, 0,
  event = "cmdline_show",
  kind = { { 0, "sup" } }
}
{ 2160, "NW", 1, 46, 0, true, 1001,
  event = "win_float_pos",
  kind = 1163
}
{ 3, "/", "", 0, 1, 0,
  event = "cmdline_show",
  kind = { { 0, "sup" } }
}
{ 4, "/", "", 0, 1, 0,
  event = "cmdline_show",
  kind = { { 0, "supp" } }
}
{ 4, "/", "", 0, 1, 0,
  event = "cmdline_show",
  kind = { { 0, "supp" } }
}
{ 2160, "NW", 1, 46, 0, true, 1001,
  event = "win_float_pos",
  kind = 1163
}
{ 4, "/", "", 0, 1, 0,
  event = "cmdline_show",
  kind = { { 0, "supp" } }
}
{ 5, "/", "", 0, 1, 0,
  event = "cmdline_show",
  kind = { { 0, "suppo" } }
}
{ 5, "/", "", 0, 1, 0,
  event = "cmdline_show",
  kind = { { 0, "suppo" } }
}
{ 2160, "NW", 1, 50, 0, true, 1001,
  event = "win_float_pos",
  kind = 1163
}
{ 5, "/", "", 0, 1, 0,
  event = "cmdline_show",
  kind = { { 0, "suppo" } }
}
{ 6, "/", "", 0, 1, 0,
  event = "cmdline_show",
  kind = { { 0, "suppor" } }
}
{ 6, "/", "", 0, 1, 0,
  event = "cmdline_show",
  kind = { { 0, "suppor" } }
}
{ 2160, "NW", 1, 49, 0, true, 1001,
  event = "win_float_pos",
  kind = 1163
}
{ 6, "/", "", 0, 1, 0,
  event = "cmdline_show",
  kind = { { 0, "suppor" } }
}
{ 7, "/", "", 0, 1, 0,
  event = "cmdline_show",
  kind = { { 0, "support" } }
}
{ 7, "/", "", 0, 1, 0,
  event = "cmdline_show",
  kind = { { 0, "support" } }
}
{ 2160, "NW", 1, 50, 0, true, 1001,
  event = "win_float_pos",
  kind = 1163
}
{ 7, "/", "", 0, 1, 0,
  event = "cmdline_show",
  kind = { { 0, "support" } }
}
{
  event = "win_close",
  kind = 1163
}
{
  event = "grid_destroy",
  kind = 1163
}
{ false,
  event = "cmdline_hide",
  kind = 1
}
{ 2156, 42, 0, 205, 12,
  event = "win_pos",
  kind = 1159
}
{ { { 0, "/support             ", 0 } }, false, false,
  event = "msg_show",
  kind = "search_cmd"
}
{ { { 0, "/support        [1/2]", 0 } }, true, false,
  event = "msg_show",
  kind = "search_count"
}
{
  event = "msg_showcmd",
  kind = {}
}
{
  event = "win_close",
  kind = 1161
}
{
  event = "grid_destroy",
  kind = 1161
}
{
  event = "win_close",
  kind = 1162
}
{
  event = "grid_destroy",
  kind = 1162
}
{ 2156, 42, 0, 205, 12,
  event = "win_pos",
  kind = 1159
}
{
  event = "win_close",
  kind = 1160
}
{
  event = "grid_destroy",
  kind = 1160
}
{ 2156, 42, 0, 205, 12,
  event = "win_pos",
  kind = 1159
}
{
  event = "msg_showcmd",
  kind = { { 0, "n", 0 } }
}
{ { { 0, "                [2/2]", 0 } }, true, false,
  event = "msg_show",
  kind = "search_count"
}
{
  event = "msg_showcmd",
  kind = {}
}
{ 2156, 42, 0, 205, 12,
  event = "win_pos",
  kind = 1159
}
{ 2156, 42, 0, 205, 12,
  event = "win_pos",
  kind = 1159
}
{
  event = "msg_showcmd",
  kind = { { 0, "l", 0 } }
}
{
  event = "msg_showcmd",
  kind = {}
}
{
  event = "msg_showcmd",
  kind = { { 0, "y", 0 } }
}
{
  event = "msg_showcmd",
  kind = { { 0, "ya", 0 } }
}
{
  event = "msg_showcmd",
  kind = { { 0, "y", 0 } }
}
{
  event = "msg_showcmd",
  kind = { { 0, "yi'", 0 } }
}
{
  event = "msg_showcmd",
  kind = {}
}
{
  event = "msg_clear"
}
{ 1156, 1, 41, 41, 40,
  event = "win_pos",
  kind = 159
}
{ 2156, 42, 0, 82, 12,
  event = "win_pos",
  kind = 1159
}
{ 1156, 1, 41, 164, 40,
  event = "win_pos",
  kind = 159
}
{ 2156, 42, 0, 205, 12,
  event = "win_pos",
  kind = 1159
}
{
  event = "msg_showcmd",
  kind = { { 0, "gk", 0 } }
}
{
  event = "msg_showcmd",
  kind = {}
}
{
  event = "msg_showcmd",
  kind = { { 0, "gk", 0 } }
}
{
  event = "msg_showcmd",
  kind = {}
}
{ 2129, 1, 0, 40, 17,
  event = "win_pos",
  kind = 1132
}
{ 1156, 1, 41, 164, 17,
  event = "win_pos",
  kind = 159
}
{ 2156, 19, 0, 205, 12,
  event = "win_pos",
  kind = 1159
}
{ 2161, 32, 0, 205, 22,
  event = "win_pos",
  kind = 1164
}
{ 2156, 19, 0, 205, 12,
  event = "win_pos",
  kind = 1159
}
{
  event = "win_close",
  kind = 1164
}
{
  event = "grid_destroy",
  kind = 1164
}
{ 2129, 1, 0, 40, 39,
  event = "win_pos",
  kind = 1132
}
{ 1156, 1, 41, 164, 39,
  event = "win_pos",
  kind = 159
}
{ 2156, 41, 0, 205, 12,
  event = "win_pos",
  kind = 1159
}
{
  event = "msg_showcmd",
  kind = { { 0, "gj", 0 } }
}
{
  event = "msg_showcmd",
  kind = {}
}
{
  event = "msg_showcmd",
  kind = { { 0, "gj", 0 } }
}
{
  event = "msg_showcmd",
  kind = {}
}
{
  event = "win_close",
  kind = 1159
}
{
  event = "grid_destroy",
  kind = 1159
}
{ 2129, 1, 0, 40, 53,
  event = "win_pos",
  kind = 1132
}
{ 1156, 1, 41, 164, 53,
  event = "win_pos",
  kind = 159
}
{ 2129, 1, 0, 40, 53,
  event = "win_pos",
  kind = 1132
}
{
  event = "msg_showcmd",
  kind = { { 0, "gk", 0 } }
}
{
  event = "msg_showcmd",
  kind = {}
}
{
  event = "msg_showcmd",
  kind = { { 0, "gk", 0 } }
}
{
  event = "msg_showcmd",
  kind = {}
}
{
  event = "win_close",
  kind = 1132
}
{
  event = "grid_destroy",
  kind = 1132
}
{ 1156, 1, 0, 205, 53,
  event = "win_pos",
  kind = 159
}
{
  event = "msg_showcmd",
  kind = { { 0, "gj", 0 } }
}
{
  event = "msg_showcmd",
  kind = {}
}
{ 2162, "NW", 1, 5, 20, false, 52,
  event = "win_float_pos",
  kind = 1165
}
{ 2165, "NW", 1165, 3, 1, true, 55,
  event = "win_float_pos",
  kind = 1168
}
{ 2164, "NW", 1165, 1, 1, true, 55,
  event = "win_float_pos",
  kind = 1167
}
{ 2163, "NW", 1165, 0, 0, false, 53,
  event = "win_float_pos",
  kind = 1166
}
{ 2165, "NW", 1165, 3, 1, true, 55,
  event = "win_float_pos",
  kind = 1168
}
{ 2166, "NW", 1165, 0, 82, true, 54,
  event = "win_float_pos",
  kind = 1169
}
{ 2166, "NW", 1165, 0, 82, true, 54,
  event = "win_float_pos",
  kind = 1169
}
{ 2165, "NW", 1165, 3, 1, true, 55,
  event = "win_float_pos",
  kind = 1168
}
{ 2165, "NW", 1165, 3, 1, true, 55,
  event = "win_float_pos",
  kind = 1168
}
{ 2165, "NW", 1165, 3, 1, true, 55,
  event = "win_float_pos",
  kind = 1168
}
{ 2166, "NW", 1165, 0, 82, true, 54,
  event = "win_float_pos",
  kind = 1169
}
{ 2165, "NW", 1165, 3, 1, true, 55,
  event = "win_float_pos",
  kind = 1168
}
{ 2165, "NW", 1165, 3, 1, true, 55,
  event = "win_float_pos",
  kind = 1168
}
{ 2165, "NW", 1165, 3, 1, true, 55,
  event = "win_float_pos",
  kind = 1168
}
{ 2165, "NW", 1165, 3, 1, true, 55,
  event = "win_float_pos",
  kind = 1168
}
{ 2165, "NW", 1165, 3, 1, true, 55,
  event = "win_float_pos",
  kind = 1168
}
